<?xml version="1.0" encoding="UTF-8"?>
<coverage generated="1723902340662" clover="3.2.0">
  <project timestamp="1723902340662" name="All files">
    <metrics statements="7" coveredstatements="7" conditionals="0" coveredconditionals="0" methods="3" coveredmethods="3" elements="10" coveredelements="10" complexity="0" loc="7" ncloc="7" packages="1" files="3" classes="3"/>
    <file name="forEach.js" path="/Users/vinnie/Desktop/sems/sem7/sujitPE/jest/forEach.js">
      <metrics statements="3" coveredstatements="3" conditionals="0" coveredconditionals="0" methods="1" coveredmethods="1"/>
      <line num="2" count="1" type="stmt"/>
      <line num="3" count="2" type="stmt"/>
      <line num="7" count="1" type="stmt"/>
    </file>
    <file name="randomBetween.js" path="/Users/vinnie/Desktop/sems/sem7/sujitPE/jest/randomBetween.js">
      <metrics statements="2" coveredstatements="2" conditionals="0" coveredconditionals="0" methods="1" coveredmethods="1"/>
      <line num="2" count="3" type="stmt"/>
      <line num="6" count="1" type="stmt"/>
    </file>
    <file name="sum.js" path="/Users/vinnie/Desktop/sems/sem7/sujitPE/jest/sum.js">
      <metrics statements="2" coveredstatements="2" conditionals="0" coveredconditionals="0" methods="1" coveredmethods="1"/>
      <line num="2" count="1" type="stmt"/>
      <line num="5" count="1" type="stmt"/>
    </file>
  </project>
</coverage>
